<?xml version="1.0" encoding="UTF-8"?>
<!-- Generated by org.testng.reporters.JUnitXMLReporter -->
<testsuite hostname="AQMIT-DSK-10159" ignored="0" name="Default test" tests="3" failures="0" timestamp="04 May 2022 09:09:02 GMT" time="3.963" errors="0">
  <testcase name="addBook" time="3.702" classname="test.DynamicJsonBook"/>
  <testcase name="addBook" time="0.102" classname="test.DynamicJsonBook"/>
  <testcase name="addBook" time="0.116" classname="test.DynamicJsonBook"/>
</testsuite> <!-- Default test -->
