<?xml version="1.0" encoding="UTF-8"?>
<testng-results skipped="0" failed="0" ignored="0" total="1" passed="1">
  <reporter-output>
  </reporter-output>
  <suite name="Default suite" duration-ms="4051" started-at="2022-05-12T13:36:28Z" finished-at="2022-05-12T13:36:32Z">
    <groups>
    </groups>
    <test name="Default test" duration-ms="4051" started-at="2022-05-12T13:36:28Z" finished-at="2022-05-12T13:36:32Z">
      <class name="test.PostDataXml">
        <test-method status="PASS" signature="addedBook()[pri:0, instance:test.PostDataXml@3bfdc050]" name="addedBook" duration-ms="4017" started-at="2022-05-12T19:06:28Z" finished-at="2022-05-12T19:06:32Z">
          <reporter-output>
          </reporter-output>
        </test-method> <!-- addedBook -->
      </class> <!-- test.PostDataXml -->
    </test> <!-- Default test -->
  </suite> <!-- Default suite -->
</testng-results>
