<?xml version="1.0" encoding="UTF-8"?>
<testng-results skipped="0" failed="0" ignored="0" total="3" passed="3">
  <reporter-output>
  </reporter-output>
  <suite name="Default suite" duration-ms="3963" started-at="2022-05-04T09:08:58Z" finished-at="2022-05-04T09:09:02Z">
    <groups>
    </groups>
    <test name="Default test" duration-ms="3963" started-at="2022-05-04T09:08:58Z" finished-at="2022-05-04T09:09:02Z">
      <class name="test.DynamicJsonBook">
        <test-method status="PASS" signature="addBook(java.lang.String, java.lang.String)[pri:0, instance:test.DynamicJsonBook@548a9f61]" name="addBook" duration-ms="3702" started-at="2022-05-04T14:38:58Z" data-provider="BooksData" finished-at="2022-05-04T14:39:02Z">
          <params>
            <param index="0">
              <value>
                <![CDATA[gghvg]]>
              </value>
            </param>
            <param index="1">
              <value>
                <![CDATA[8414]]>
              </value>
            </param>
          </params>
          <reporter-output>
          </reporter-output>
        </test-method> <!-- addBook -->
        <test-method status="PASS" signature="addBook(java.lang.String, java.lang.String)[pri:0, instance:test.DynamicJsonBook@548a9f61]" name="addBook" duration-ms="102" started-at="2022-05-04T14:39:02Z" data-provider="BooksData" finished-at="2022-05-04T14:39:02Z">
          <params>
            <param index="0">
              <value>
                <![CDATA[tatsqay]]>
              </value>
            </param>
            <param index="1">
              <value>
                <![CDATA[8793]]>
              </value>
            </param>
          </params>
          <reporter-output>
          </reporter-output>
        </test-method> <!-- addBook -->
        <test-method status="PASS" signature="addBook(java.lang.String, java.lang.String)[pri:0, instance:test.DynamicJsonBook@548a9f61]" name="addBook" duration-ms="116" started-at="2022-05-04T14:39:02Z" data-provider="BooksData" finished-at="2022-05-04T14:39:02Z">
          <params>
            <param index="0">
              <value>
                <![CDATA[wqwjg]]>
              </value>
            </param>
            <param index="1">
              <value>
                <![CDATA[2163]]>
              </value>
            </param>
          </params>
          <reporter-output>
          </reporter-output>
        </test-method> <!-- addBook -->
      </class> <!-- test.DynamicJsonBook -->
    </test> <!-- Default test -->
  </suite> <!-- Default suite -->
</testng-results>
